#
# A fatal error has been detected by the Java Runtime Environment:
#
#  Internal Error (os_windows_x86.cpp:114), pid=1780, tid=3672
#  Error: guarantee(result == -1,"Unexpected result from topLevelExceptionFilter")
#
# JRE version: 6.0_17-b04
# Java VM: Java HotSpot(TM) 64-Bit Server VM (14.3-b01 mixed mode windows-amd64 )
# If you would like to submit a bug report, please visit:
#   http://java.sun.com/webapps/bugreport/crash.jsp
# The crash happened outside the Java Virtual Machine in native code.
# See problematic frame for where to report the bug.
#

---------------  T H R E A D  ---------------

Current thread (0x0000000004aff000):  JavaThread "main" [_thread_in_native, id=3672, stack(0x0000000000140000,0x0000000004140000)]

Stack: [0x0000000000140000,0x0000000004140000]
[error occurred during error reporting (printing stack bounds), id 0xc0000005]

Java frames: (J=compiled Java code, j=interpreted, Vv=VM code)
j  com.mathworks.jmi.NativeMatlab.ProcessPendingEvents()Z+0
j  com.mathworks.jmi.NativeMatlab.processPendingEvents()Z+8
j  com.mathworks.jmi.Matlab$ProcessPendingEvents.callBooleanMethod(Ljava/lang/Object;)Z+0
j  com.mathworks.util.FactoryUtils.processPendingEvents()Z+12
j  com.mathworks.widgets.desk.Desktop.canClose()Z+38
j  com.mathworks.mde.desk.MLDesktop.canClose()Z+113
j  com.mathworks.mde.desk.MLDesktop$2.call()Ljava/lang/Boolean;+4
j  com.mathworks.mde.desk.MLDesktop$2.call()Ljava/lang/Object;+1
j  com.mathworks.jmi.Matlab.isOkToExit()Z+54
v  ~StubRoutines::call_stub
j  com.mathworks.jmi.NativeMatlab.SendMatlabMessage(Ljava/lang/Object;)Ljava/lang/Object;+0
j  com.mathworks.jmi.NativeMatlab.sendMatlabMessage(Ljava/lang/Object;)Ljava/lang/Object;+22
j  com.mathworks.jmi.MatlabLooper.sendMatlabMessage(Lcom/mathworks/services/message/MWMessage;)Ljava/lang/Object;+20
j  com.mathworks.jmi.Matlab.mtFevalConsoleOutput(Ljava/lang/String;[Ljava/lang/Object;I)Ljava/lang/Object;+58
j  com.mathworks.mde.desk.MLDesktop$9.run()V+14
j  com.mathworks.jmi.NativeMatlab.dispatchMTRequests(Z)V+57
v  ~StubRoutines::call_stub

---------------  P R O C E S S  ---------------

Java Threads: ( => current thread )
  0x0000000025f29000 JavaThread "Image Fetcher 0" daemon [_thread_blocked, id=3564, stack(0x0000000026db0000,0x0000000026e30000)]
  0x000000000e746800 JavaThread "Timer-128" [_thread_blocked, id=352, stack(0x00000000272e0000,0x0000000027360000)]
  0x000000000e73f800 JavaThread "Code Analyzer updating thread" [_thread_blocked, id=4780, stack(0x0000000026ec0000,0x0000000026f40000)]
  0x000000000e73a000 JavaThread "pool-5-thread-1" [_thread_blocked, id=4624, stack(0x0000000027260000,0x00000000272e0000)]
  0x000000000e73b000 JavaThread "pool-3-thread-1" [_thread_blocked, id=4152, stack(0x000000000fd50000,0x000000000fdd0000)]
  0x000000000e747800 JavaThread "RequestQueue for GenericFileList" [_thread_blocked, id=3900, stack(0x0000000026560000,0x00000000265e0000)]
  0x000000000e746000 JavaThread "Code Analyzer updating thread" [_thread_blocked, id=3024, stack(0x0000000063630000,0x00000000636b0000)]
  0x000000000e745000 JavaThread "Code Analyzer updating thread" [_thread_blocked, id=2968, stack(0x00000000635a0000,0x0000000063620000)]
  0x000000000e744800 JavaThread "Code Analyzer updating thread" [_thread_blocked, id=3332, stack(0x0000000063420000,0x00000000634a0000)]
  0x000000000e743800 JavaThread "Code Analyzer updating thread" [_thread_blocked, id=3368, stack(0x0000000063350000,0x00000000633d0000)]
  0x000000000e743000 JavaThread "Code Analyzer updating thread" [_thread_blocked, id=4176, stack(0x0000000063230000,0x00000000632b0000)]
  0x000000000e742000 JavaThread "Code Analyzer updating thread" [_thread_blocked, id=4284, stack(0x0000000062fc0000,0x0000000063040000)]
  0x000000000e741800 JavaThread "Code Analyzer updating thread" [_thread_blocked, id=3572, stack(0x00000000630b0000,0x0000000063130000)]
  0x000000000e740800 JavaThread "Code Analyzer updating thread" [_thread_blocked, id=3912, stack(0x0000000062eb0000,0x0000000062f30000)]
  0x000000000e73b800 JavaThread "Code Analyzer updating thread" [_thread_blocked, id=5076, stack(0x0000000062d20000,0x0000000062da0000)]
  0x000000000e73e800 JavaThread "Code Analyzer updating thread" [_thread_blocked, id=3340, stack(0x0000000062f30000,0x0000000062fb0000)]
  0x000000000e73e000 JavaThread "Active Reference Queue Daemon" daemon [_thread_blocked, id=3092, stack(0x000000001d240000,0x000000001d2c0000)]
  0x000000000e73d000 JavaThread "Timer-7" daemon [_thread_blocked, id=2784, stack(0x0000000060eb0000,0x0000000060f30000)]
  0x000000000e73c800 JavaThread "Timer-6" daemon [_thread_blocked, id=4608, stack(0x0000000062c70000,0x0000000062cf0000)]
  0x000000000e739800 JavaThread "Prefs Updater" daemon [_thread_blocked, id=3376, stack(0x000000004cb20000,0x000000004cba0000)]
  0x000000000e739000 JavaThread "Timer-1" [_thread_blocked, id=4968, stack(0x000000005cd50000,0x000000005cdd0000)]
  0x000000000e738000 JavaThread "FelixPackageAdmin" daemon [_thread_blocked, id=4992, stack(0x000000005cdd0000,0x000000005ce50000)]
  0x000000000e6be000 JavaThread "FelixStartLevel" daemon [_thread_blocked, id=3188, stack(0x00000000253e0000,0x0000000025460000)]
  0x000000000e748000 JavaThread "FelixDispatchQueue" daemon [_thread_blocked, id=3308, stack(0x000000000ff40000,0x000000000ffc0000)]
  0x000000000e75b000 JavaThread "TimerQueue" daemon [_thread_blocked, id=652, stack(0x000000001d190000,0x000000001d210000)]
  0x000000000e380800 JavaThread "AWT-EventQueue-0" [_thread_in_Java, id=1084, stack(0x000000000fe00000,0x000000000fe80000)]
  0x000000000e372800 JavaThread "com.google.common.base.internal.Finalizer" daemon [_thread_blocked, id=3396, stack(0x0000000008170000,0x00000000081f0000)]
  0x000000000e464000 JavaThread "AWT-Windows" daemon [_thread_in_native, id=3552, stack(0x000000000cac0000,0x000000000cb40000)]
  0x000000000e463000 JavaThread "AWT-Shutdown" [_thread_blocked, id=4764, stack(0x0000000007c70000,0x0000000007cf0000)]
  0x000000000e462800 JavaThread "Java2D Disposer" daemon [_thread_blocked, id=5072, stack(0x0000000007d70000,0x0000000007df0000)]
  0x000000000e123800 JavaThread "Timer-0" [_thread_blocked, id=3880, stack(0x0000000007b30000,0x0000000007bb0000)]
  0x000000000df29000 JavaThread "JMI Unnamed Thread" [_thread_in_native, id=208, stack(0x0000000010f70000,0x0000000014f70000)]
  0x00000000075bc800 JavaThread "Low Memory Detector" daemon [_thread_blocked, id=4976, stack(0x0000000007a80000,0x0000000007b00000)]
  0x00000000075b5000 JavaThread "CompilerThread1" daemon [_thread_blocked, id=3268, stack(0x0000000058d30000,0x000000005cd30000)]
  0x00000000075ae000 JavaThread "CompilerThread0" daemon [_thread_blocked, id=3840, stack(0x0000000054cd0000,0x0000000058cd0000)]
  0x00000000075ac800 JavaThread "Attach Listener" daemon [_thread_blocked, id=4768, stack(0x00000000079b0000,0x0000000007a30000)]
  0x0000000004dce800 JavaThread "Finalizer" daemon [_thread_blocked, id=2268, stack(0x0000000007920000,0x00000000079a0000)]
  0x0000000004dc8000 JavaThread "Reference Handler" daemon [_thread_blocked, id=5100, stack(0x0000000007840000,0x00000000078c0000)]
=>0x0000000004aff000 JavaThread "main" [_thread_in_native, id=3672, stack(0x0000000000140000,0x0000000004140000)]

Other Threads:
  0x0000000007552800 VMThread [stack: 0x0000000050c00000,0x0000000054c00000] [id=4884]
  0x00000000075e0000 WatcherThread [stack: 0x000000005ce50000,0x0000000060e50000] [id=4544]

VM state:not at safepoint (normal execution)

VM Mutex/Monitor currently owned by a thread: None

Heap
 PSYoungGen      total 12736K, used 6747K [0x000000003d7d0000, 0x000000003ebd0000, 0x00000000408d0000)
  eden space 11392K, 47% used [0x000000003d7d0000,0x000000003dd20c08,0x000000003e2f0000)
  from space 1344K, 97% used [0x000000003e310000,0x000000003e4562a0,0x000000003e460000)
  to   space 4544K, 0% used [0x000000003e760000,0x000000003e760000,0x000000003ebd0000)
 PSOldGen        total 84608K, used 55164K [0x00000000344d0000, 0x0000000039770000, 0x000000003d7d0000)
  object space 84608K, 65% used [0x00000000344d0000,0x0000000037aaf0e0,0x0000000039770000)
 PSPermGen       total 125760K, used 65073K [0x000000002c4d0000, 0x0000000033fa0000, 0x00000000344d0000)
  object space 125760K, 51% used [0x000000002c4d0000,0x000000003045c468,0x0000000033fa0000)

Dynamic libraries:
0x000000013fa20000 - 0x000000013fa49000 	C:\Program Files\MATLAB\R2011b\bin\win64\MATLAB.exe
0x0000000077550000 - 0x00000000776f9000 	C:\Windows\SYSTEM32\ntdll.dll
0x0000000077430000 - 0x000000007754f000 	C:\Windows\system32\kernel32.dll
0x000007fefd3f0000 - 0x000007fefd45b000 	C:\Windows\system32\KERNELBASE.dll
0x0000000074460000 - 0x0000000074563000 	C:\Program Files\MATLAB\R2011b\bin\win64\libut.dll
0x00000000758a0000 - 0x0000000075944000 	C:\Program Files\MATLAB\R2011b\bin\win64\libmwi18n.dll
0x0000000180000000 - 0x000000018000b000 	C:\Program Files\MATLAB\R2011b\bin\win64\libmwresource_core.dll
0x00000000042e0000 - 0x00000000043b3000 	C:\Windows\WinSxS\amd64_microsoft.vc90.crt_1fc8b3b9a1e18e3b_9.0.30729.6161_none_08e61857a83bc251\MSVCP90.dll
0x0000000074640000 - 0x00000000746e3000 	C:\Windows\WinSxS\amd64_microsoft.vc90.crt_1fc8b3b9a1e18e3b_9.0.30729.6161_none_08e61857a83bc251\MSVCR90.dll
0x000000007a170000 - 0x000000007a19c000 	C:\Program Files\MATLAB\R2011b\bin\win64\boost_filesystem-vc90-mt-1_44.dll
0x000000007a560000 - 0x000000007a569000 	C:\Program Files\MATLAB\R2011b\bin\win64\boost_system-vc90-mt-1_44.dll
0x000007fefdbd0000 - 0x000007fefdcab000 	C:\Windows\system32\ADVAPI32.dll
0x000007fefda50000 - 0x000007fefdaef000 	C:\Windows\system32\msvcrt.dll
0x000007fefdf10000 - 0x000007fefdf2f000 	C:\Windows\SYSTEM32\sechost.dll
0x000007fefe600000 - 0x000007fefe72d000 	C:\Windows\system32\RPCRT4.dll
0x000000007a010000 - 0x000000007a035000 	C:\Program Files\MATLAB\R2011b\bin\win64\LIBEXPAT.dll
0x000000006e0f0000 - 0x000000006e2e1000 	C:\Program Files\MATLAB\R2011b\bin\win64\icuin44.dll
0x000000006e370000 - 0x000000006e4e1000 	C:\Program Files\MATLAB\R2011b\bin\win64\icuuc44.dll
0x0000000010000000 - 0x0000000010e41000 	C:\Program Files\MATLAB\R2011b\bin\win64\icudt44.dll
0x0000000073f70000 - 0x00000000740b5000 	C:\Program Files\MATLAB\R2011b\bin\win64\libmwfl.dll
0x000000007a350000 - 0x000000007a556000 	C:\Program Files\MATLAB\R2011b\bin\win64\libmwMATLAB_res.dll
0x0000000004160000 - 0x0000000004170000 	C:\Program Files\MATLAB\R2011b\bin\win64\boost_date_time-vc90-mt-1_44.dll
0x000000007a250000 - 0x000000007a263000 	C:\Program Files\MATLAB\R2011b\bin\win64\boost_signals-vc90-mt-1_44.dll
0x000000007a2d0000 - 0x000000007a2e2000 	C:\Program Files\MATLAB\R2011b\bin\win64\boost_thread-vc90-mt-1_44.dll
0x00000000043c0000 - 0x0000000004406000 	C:\Program Files\MATLAB\R2011b\bin\win64\tbb.dll
0x000007fefdcb0000 - 0x000007fefdcc9000 	C:\Windows\system32\imagehlp.dll
0x0000000077710000 - 0x0000000077717000 	C:\Windows\system32\PSAPI.DLL
0x0000000072ab0000 - 0x0000000072ac3000 	C:\Program Files\MATLAB\R2011b\bin\win64\icuio44.dll
0x000007fef48f0000 - 0x000007fef4a15000 	C:\Windows\system32\dbghelp.dll
0x0000000077330000 - 0x000000007742a000 	C:\Windows\system32\USER32.dll
0x000007fefdb60000 - 0x000007fefdbc7000 	C:\Windows\system32\GDI32.dll
0x000007fefdaf0000 - 0x000007fefdafe000 	C:\Windows\system32\LPK.dll
0x000007feff740000 - 0x000007feff809000 	C:\Windows\system32\USP10.dll
0x000000007bed0000 - 0x000000007c148000 	C:\Program Files\MATLAB\R2011b\bin\win64\libmwservices.dll
0x0000000075a20000 - 0x0000000075ad5000 	C:\Program Files\MATLAB\R2011b\bin\win64\libmx.dll
0x000000007a210000 - 0x000000007a228000 	C:\Program Files\MATLAB\R2011b\bin\win64\zlib1.dll
0x0000000074330000 - 0x0000000074453000 	C:\Program Files\MATLAB\R2011b\bin\win64\libmwmathutil.dll
0x0000000075f10000 - 0x0000000075f5d000 	C:\Program Files\MATLAB\R2011b\bin\win64\mpath.dll
0x000000007b680000 - 0x000000007bb4d000 	C:\Program Files\MATLAB\R2011b\bin\win64\mlutil.dll
0x000000006e070000 - 0x000000006e0ef000 	C:\Program Files\MATLAB\R2011b\bin\win64\xmlcore.dll
0x000000007bc30000 - 0x000000007be83000 	C:\Program Files\MATLAB\R2011b\bin\win64\xerces-c_2_7.dll
0x000007feff810000 - 0x000007feff85d000 	C:\Windows\system32\WS2_32.dll
0x000007fefdfd0000 - 0x000007fefdfd8000 	C:\Windows\system32\NSI.dll
0x0000000004470000 - 0x0000000004486000 	C:\Program Files\MATLAB\R2011b\bin\win64\libmwsettings_res.dll
0x00000000044a0000 - 0x00000000044e7000 	C:\Program Files\MATLAB\R2011b\bin\win64\boost_serialization-vc90-mt-1_44.dll
0x000007fefe810000 - 0x000007feff598000 	C:\Windows\system32\SHELL32.dll
0x000007feff6c0000 - 0x000007feff731000 	C:\Windows\system32\SHLWAPI.dll
0x000007fef8490000 - 0x000007fef8530000 	C:\Windows\WinSxS\amd64_microsoft.windows.common-controls_6595b64144ccf1df_5.82.7601.17514_none_a4d6a923711520a9\COMCTL32.dll
0x000007feff5a0000 - 0x000007feff637000 	C:\Windows\system32\COMDLG32.dll
0x000007fefb2e0000 - 0x000007fefb2f6000 	C:\Windows\system32\NETAPI32.dll
0x000007fefc830000 - 0x000007fefc83c000 	C:\Windows\system32\netutils.dll
0x000007fefcea0000 - 0x000007fefcec3000 	C:\Windows\system32\srvcli.dll
0x000007fefb2c0000 - 0x000007fefb2d5000 	C:\Windows\system32\wkscli.dll
0x000007fefdcd0000 - 0x000007fefded3000 	C:\Windows\system32\ole32.dll
0x000007fefe730000 - 0x000007fefe807000 	C:\Windows\system32\OLEAUT32.dll
0x0000000074970000 - 0x0000000074a41000 	C:\Program Files\MATLAB\R2011b\bin\win64\mcr.dll
0x0000000075000000 - 0x0000000075324000 	C:\Program Files\MATLAB\R2011b\bin\win64\iqm.dll
0x0000000069360000 - 0x0000000069b30000 	C:\Program Files\MATLAB\R2011b\bin\win64\m_interpreter.dll
0x0000000073d60000 - 0x0000000073d75000 	C:\Program Files\MATLAB\R2011b\bin\win64\libmex.dll
0x000000006dfc0000 - 0x000000006e06e000 	C:\Program Files\MATLAB\R2011b\bin\win64\m_dispatcher.dll
0x0000000074880000 - 0x000000007496d000 	C:\Program Files\MATLAB\R2011b\bin\win64\boost_regex-vc90-mt-1_44.dll
0x000000006df30000 - 0x000000006dfb4000 	C:\Program Files\MATLAB\R2011b\bin\win64\profiler.dll
0x0000000079f40000 - 0x0000000079f73000 	C:\Program Files\MATLAB\R2011b\bin\win64\libmwmathrng.dll
0x0000000074c10000 - 0x0000000074cea000 	C:\Program Files\MATLAB\R2011b\bin\win64\libmwmathcore.dll
0x0000000076160000 - 0x00000000761cb000 	C:\Program Files\MATLAB\R2011b\bin\win64\libmwspmatrix.dll
0x0000000075ea0000 - 0x0000000075f02000 	C:\Program Files\MATLAB\R2011b\bin\win64\libmwcholmod.dll
0x00000000045b0000 - 0x00000000045bd000 	C:\Program Files\MATLAB\R2011b\bin\win64\libmwamd.dll
0x00000000045d0000 - 0x00000000045dc000 	C:\Program Files\MATLAB\R2011b\bin\win64\libmwcolamd.dll
0x000000006e350000 - 0x000000006e369000 	C:\Program Files\MATLAB\R2011b\bin\win64\libmwblas.dll
0x0000000072990000 - 0x00000000729a2000 	C:\Program Files\MATLAB\R2011b\bin\win64\libmwbinder.dll
0x0000000073bc0000 - 0x0000000073bcb000 	C:\Program Files\MATLAB\R2011b\bin\win64\libmwompwrapper.dll
0x000000006dea0000 - 0x000000006df22000 	C:\Program Files\MATLAB\R2011b\bin\win64\libmwlapack.dll
0x000000006de70000 - 0x000000006de91000 	C:\Program Files\MATLAB\R2011b\bin\win64\m_pcodeio.dll
0x0000000079b10000 - 0x0000000079b77000 	C:\Program Files\MATLAB\R2011b\bin\win64\m_ir.dll
0x0000000069cc0000 - 0x000000006a300000 	C:\Program Files\MATLAB\R2011b\bin\win64\m_parser.dll
0x000000006e300000 - 0x000000006e31a000 	C:\Program Files\MATLAB\R2011b\bin\win64\ir_xfmr.dll
0x000000006d590000 - 0x000000006d815000 	C:\Program Files\MATLAB\R2011b\bin\win64\mcos.dll
0x00000000727b0000 - 0x00000000727bc000 	C:\Program Files\MATLAB\R2011b\bin\win64\mtok.dll
0x000000006dd00000 - 0x000000006dd31000 	C:\Program Files\MATLAB\R2011b\bin\win64\m_pcodegen.dll
0x0000000079fb0000 - 0x0000000079fe5000 	C:\Program Files\MATLAB\R2011b\bin\win64\libmwbridge.dll
0x000000006dc30000 - 0x000000006dcf8000 	C:\Program Files\MATLAB\R2011b\bin\win64\udd.dll
0x000000006da50000 - 0x000000006db97000 	C:\Program Files\MATLAB\R2011b\bin\win64\libmwgui.dll
0x000000006de50000 - 0x000000006de67000 	C:\Program Files\MATLAB\R2011b\bin\win64\graphics_util.dll
0x00000000689b0000 - 0x0000000069360000 	C:\Program Files\MATLAB\R2011b\bin\win64\hg.dll
0x0000000076100000 - 0x0000000076158000 	C:\Program Files\MATLAB\R2011b\bin\win64\libmat.dll
0x0000000072d30000 - 0x0000000072f44000 	C:\Program Files\MATLAB\R2011b\bin\win64\hdf5dll.dll
0x0000000075710000 - 0x000000007579d000 	C:\Program Files\MATLAB\R2011b\bin\win64\jmi.dll
0x0000000004720000 - 0x000000000472e000 	C:\Program Files\MATLAB\R2011b\bin\win64\nativejava_services.dll
0x000000006da00000 - 0x000000006da43000 	C:\Program Files\MATLAB\R2011b\bin\win64\libmwhardcopy.dll
0x000000006d920000 - 0x000000006d983000 	C:\Program Files\MATLAB\R2011b\bin\win64\libuij.dll
0x000000006b350000 - 0x000000006b557000 	C:\Program Files\MATLAB\R2011b\bin\win64\hgdatatypes.dll
0x000000006b250000 - 0x000000006b349000 	C:\Program Files\MATLAB\R2011b\bin\win64\hgutils.dll
0x000000006b190000 - 0x000000006b24d000 	C:\Program Files\MATLAB\R2011b\bin\win64\udd_mi.dll
0x0000000004790000 - 0x0000000004a59000 	C:\Program Files\MATLAB\R2011b\bin\win64\uiw.dll
0x000000006dc20000 - 0x000000006dc2f000 	C:\Program Files\MATLAB\R2011b\bin\win64\uinone.dll
0x000007fef66e0000 - 0x000007fef66f8000 	C:\Windows\system32\MPR.dll
0x00000000684c0000 - 0x00000000689a4000 	C:\Windows\WinSxS\amd64_microsoft.vc90.mfc_1fc8b3b9a1e18e3b_9.0.30729.6161_none_044aad0bab1eb146\mfc90.dll
0x000007fefb5f0000 - 0x000007fefb5f7000 	C:\Windows\system32\MSIMG32.dll
0x000007fef64c0000 - 0x000007fef6531000 	C:\Windows\system32\WINSPOOL.DRV
0x000000006dbf0000 - 0x000000006dc11000 	C:\Program Files\MATLAB\R2011b\bin\win64\mwoles05.DLL
0x000000006d510000 - 0x000000006d585000 	C:\Program Files\MATLAB\R2011b\bin\win64\comcli.dll
0x000000006d8f0000 - 0x000000006d91f000 	C:\Windows\WinSxS\amd64_microsoft.vc90.atl_1fc8b3b9a1e18e3b_9.0.30729.6161_none_0a1fd3a3a768b895\ATL90.DLL
0x000000006d9f0000 - 0x000000006d9fc000 	C:\Program Files\MATLAB\R2011b\bin\win64\mlautoregister.dll
0x0000000004ab0000 - 0x0000000004ac0000 	C:\Program Files\MATLAB\R2011b\bin\win64\boost_iostreams-vc90-mt-1_44.dll
0x000007fefdee0000 - 0x000007fefdf0e000 	C:\Windows\system32\IMM32.DLL
0x000007fefd940000 - 0x000007fefda49000 	C:\Windows\system32\MSCTF.dll
0x000007fefb9a0000 - 0x000007fefb9f6000 	C:\Windows\system32\UxTheme.dll
0x000007fefb5d0000 - 0x000007fefb5e8000 	C:\Windows\system32\dwmapi.dll
0x000000006d9e0000 - 0x000000006d9ed000 	C:\Windows\WinSxS\amd64_microsoft.vc90.mfcloc_1fc8b3b9a1e18e3b_9.0.30729.6161_none_01c9581e60cbee58\MFC90ENU.DLL
0x0000000004dd0000 - 0x0000000004df9000 	C:\Program Files\MATLAB\R2011b\bin\win64\tbbmalloc.dll
0x000007fefd330000 - 0x000007fefd33f000 	C:\Windows\system32\profapi.dll
0x000007fefa7e0000 - 0x000007fefa807000 	C:\Windows\system32\iphlpapi.dll
0x000007fefa7d0000 - 0x000007fefa7db000 	C:\Windows\system32\WINNSI.DLL
0x000007fefca20000 - 0x000007fefca7b000 	C:\Windows\system32\DNSAPI.dll
0x000007fefa600000 - 0x000007fefa611000 	C:\Windows\system32\dhcpcsvc6.DLL
0x000007fefa5e0000 - 0x000007fefa5f8000 	C:\Windows\system32\dhcpcsvc.DLL
0x000000006d8e0000 - 0x000000006d8e3000 	C:\Windows\system32\icmp.Dll
0x000007fefd260000 - 0x000007fefd26f000 	C:\Windows\system32\CRYPTBASE.dll
0x000007fefd460000 - 0x000007fefd496000 	C:\Windows\system32\CFGMGR32.dll
0x0000000078870000 - 0x0000000078ecd000 	C:\Program Files\MATLAB\R2011b\sys\java\jre\win64\jre\bin\server\jvm.dll
0x000007fefb110000 - 0x000007fefb14b000 	C:\Windows\system32\WINMM.dll
0x0000000007240000 - 0x000000000724e000 	C:\Program Files\MATLAB\R2011b\sys\java\jre\win64\jre\bin\verify.dll
0x000000007a070000 - 0x000000007a097000 	C:\Program Files\MATLAB\R2011b\sys\java\jre\win64\jre\bin\java.dll
0x0000000007270000 - 0x000000000727a000 	C:\Program Files\MATLAB\R2011b\sys\java\jre\win64\jre\bin\hpi.dll
0x0000000007290000 - 0x00000000072a2000 	C:\Program Files\MATLAB\R2011b\sys\java\jre\win64\jre\bin\zip.dll
0x0000000075b90000 - 0x0000000075bfb000 	C:\Program Files\MATLAB\R2011b\sys\java\jre\win64\jre\bin\fontmanager.dll
0x0000000073150000 - 0x0000000073311000 	C:\Program Files\MATLAB\R2011b\sys\java\jre\win64\jre\bin\awt.dll
0x0000000079cf0000 - 0x0000000079d96000 	C:\Program Files\MATLAB\R2011b\bin\win64\nativejmi.dll

VM Arguments:
jvm_args: -Xss512k -XX:PermSize=32m -Xms64m -XX:NewRatio=3 -XX:MaxPermSize=128m -Xmx196m -XX:MaxDirectMemorySize=2147400000 -Dsun.java2d.noddraw=true -Dsun.awt.nopixfmt=true -Xshare:off -Xrs -Dsun.awt.disableMixing=true -Djava.library.path=C:\Program Files\MATLAB\R2011b\bin\win64 vfprintf abort 
java_command: <unknown>
Launcher Type: generic

Environment Variables:
PATH=C:\Perl64\site\bin;C:\Perl64\bin;C:\Program Files (x86)\MiKTeX 2.9\miktex/bin;C:\Program Files\Common Files\Microsoft Shared\Windows Live;C:\Windows\system32;C:\Windows;C:\Windows\System32\Wbem;C:\Windows\System32\WindowsPowerShell\v1.0\;C:\Program Files\Intel\DMIX;C:\Program Files\MATLAB\R2011b\bin;C:\Program Files\MATLAB\R2010b\runtime\win64;C:\Program Files\MATLAB\R2010b\bin;C:\Program Files\TortoiseSVN\bin;C:\Users\pb404\AppData\Roaming\MiKTeX\2.9\miktex\bin\
USERNAME=pb404
OS=Windows_NT
PROCESSOR_IDENTIFIER=Intel64 Family 6 Model 30 Stepping 5, GenuineIntel



---------------  S Y S T E M  ---------------

OS: Windows 7 Build 7601 Service Pack 1

CPU:total 4 (8 cores per cpu, 2 threads per core) family 6 model 30 stepping 5, cmov, cx8, fxsr, mmx, sse, sse2, sse3, ssse3, sse4.1, sse4.2, ht

Memory: 4k page, physical 8378736k(5239888k free), swap 16755612k(13316292k free)

vm_info: Java HotSpot(TM) 64-Bit Server VM (14.3-b01) for windows-amd64 JRE (1.6.0_17-b04), built on Oct 11 2009 00:46:08 by "java_re" with MS VC++ 8.0

time: Tue Aug 13 12:54:23 2013
elapsed time: 5706 seconds

